<?xml version="1.0" encoding="UTF-8"?>
<testng-results skipped="0" failed="0" ignored="0" total="1" passed="1">
  <reporter-output>
  </reporter-output>
  <suite name="Default suite" duration-ms="105695" started-at="2019-02-18T19:09:37Z" finished-at="2019-02-18T19:11:23Z">
    <groups>
    </groups>
    <test name="Default test" duration-ms="105695" started-at="2019-02-18T19:09:37Z" finished-at="2019-02-18T19:11:23Z">
      <class name="Scripts.My_Script">
        <test-method status="PASS" signature="setup()[pri:0, instance:Scripts.My_Script@16ec5519]" name="setup" is-config="true" duration-ms="38522" started-at="2019-02-18T19:08:59Z" finished-at="2019-02-18T19:09:37Z">
          <reporter-output>
          </reporter-output>
        </test-method> <!-- setup -->
        <test-method status="PASS" signature="script()[pri:0, instance:Scripts.My_Script@16ec5519]" name="script" duration-ms="105652" started-at="2019-02-18T19:09:37Z" finished-at="2019-02-18T19:11:23Z">
          <reporter-output>
          </reporter-output>
        </test-method> <!-- script -->
      </class> <!-- Scripts.My_Script -->
    </test> <!-- Default test -->
  </suite> <!-- Default suite -->
</testng-results>
